<?xml version="1.0" encoding="UTF-8"?>
<testng-results skipped="0" failed="0" ignored="0" total="2" passed="2">
  <reporter-output>
  </reporter-output>
  <suite name="Default suite" duration-ms="3881" started-at="2019-04-21T18:04:51Z" finished-at="2019-04-21T18:04:55Z">
    <groups>
    </groups>
    <test name="Default test" duration-ms="3881" started-at="2019-04-21T18:04:51Z" finished-at="2019-04-21T18:04:55Z">
      <class name="com.amazonaws.TestCases.User">
        <test-method status="PASS" signature="UserCreation()[pri:0, instance:com.amazonaws.TestCases.User@84a914]" name="UserCreation" duration-ms="2216" started-at="2019-04-21T18:04:51Z" finished-at="2019-04-21T18:04:53Z">
          <reporter-output>
          </reporter-output>
        </test-method> <!-- UserCreation -->
        <test-method status="PASS" signature="VerifyUserJustCreated()[pri:0, instance:com.amazonaws.TestCases.User@84a914]" name="VerifyUserJustCreated" duration-ms="1452" started-at="2019-04-21T18:04:53Z" depends-on-methods="com.amazonaws.TestCases.User.UserCreation" finished-at="2019-04-21T18:04:55Z">
          <reporter-output>
          </reporter-output>
        </test-method> <!-- VerifyUserJustCreated -->
      </class> <!-- com.amazonaws.TestCases.User -->
    </test> <!-- Default test -->
  </suite> <!-- Default suite -->
</testng-results>
